#
# There is insufficient memory for the Java Runtime Environment to continue.
# Native memory allocation (malloc) failed to allocate 1048576 bytes for AllocateHeap
# Possible reasons:
#   The system is out of physical RAM or swap space
#   The process is running with CompressedOops enabled, and the Java Heap may be blocking the growth of the native heap
# Possible solutions:
#   Reduce memory load on the system
#   Increase physical memory or swap space
#   Check if swap backing store is full
#   Decrease Java heap size (-Xmx/-Xms)
#   Decrease number of Java threads
#   Decrease Java thread stack sizes (-Xss)
#   Set larger code cache with -XX:ReservedCodeCacheSize=
#   JVM is running with Unscaled Compressed Oops mode in which the Java heap is
#     placed in the first 4GB address space. The Java Heap base address is the
#     maximum limit for the native heap growth. Please use -XX:HeapBaseMinAddress
#     to set the Java Heap base and to place the Java Heap above 4GB virtual address.
# This output file may be truncated or incomplete.
#
#  Out of Memory Error (allocation.cpp:44), pid=13840, tid=21888
#
# JRE version:  (17.0+35) (build )
# Java VM: Java HotSpot(TM) 64-Bit Server VM (17+35-LTS-2724, mixed mode, sharing, tiered, compressed oops, compressed class ptrs, g1 gc, windows-amd64)
# No core dump will be written. Minidumps are not enabled by default on client versions of Windows
#

---------------  S U M M A R Y ------------

Command Line: -Dfile.encoding=Cp1252 -XX:+ShowCodeDetailsInExceptionMessages chess.Chess

Host: Intel(R) Core(TM) i5-8250U CPU @ 1.60GHz, 8 cores, 7G,  Windows 10 , 64 bit Build 19041 (10.0.19041.1202)
Time: Wed Oct 27 17:08:14 2021 Eastern Daylight Time elapsed time: 0.010546 seconds (0d 0h 0m 0s)

---------------  T H R E A D  ---------------

Current thread (0x000002c18c97c030):  JavaThread "Unknown thread" [_thread_in_vm, id=21888, stack(0x000000d998b00000,0x000000d998c00000)]

Stack: [0x000000d998b00000,0x000000d998c00000]
Native frames: (J=compiled Java code, j=interpreted, Vv=VM code, C=native code)
V  [jvm.dll+0x66f8ea]
V  [jvm.dll+0x7ce224]
V  [jvm.dll+0x7cf9ce]
V  [jvm.dll+0x7d0033]
V  [jvm.dll+0x242bb5]
V  [jvm.dll+0xa4673]
V  [jvm.dll+0x2e0b57]
V  [jvm.dll+0x2d8a2b]
V  [jvm.dll+0x7a00a1]
V  [jvm.dll+0x365781]
V  [jvm.dll+0x77f59c]
V  [jvm.dll+0x3e805f]
V  [jvm.dll+0x3e9b01]
C  [jli.dll+0x527b]
C  [ucrtbase.dll+0x21bb2]
C  [KERNEL32.DLL+0x17034]
C  [ntdll.dll+0x52651]


---------------  P R O C E S S  ---------------

Threads class SMR info:
_java_thread_list=0x00007ff8d9bd7818, length=0, elements={
}

Java Threads: ( => current thread )

Other Threads:
  0x000002c18c9bb310 GCTaskThread "GC Thread#0" [stack: 0x000000d998c00000,0x000000d998d00000] [id=21948]

[error occurred during error reporting (printing all threads), id 0xc0000005, EXCEPTION_ACCESS_VIOLATION (0xc0000005) at pc=0x00007ff8d9425aa0]

VM state: not at safepoint (not fully initialized)

VM Mutex/Monitor currently owned by a thread:  ([mutex/lock_event])
[0x000002c18c9770a0] Heap_lock - owner thread: 0x000002c18c97c030

Heap address: 0x0000000081e00000, size: 2018 MB, Compressed Oops mode: 32-bit

CDS archive(s) mapped at: [0x0000000000000000-0x0000000000000000-0x0000000000000000), size 0, SharedBaseAddress: 0x0000000800000000, ArchiveRelocationMode: 0.
Narrow klass base: 0x0000000000000000, Narrow klass shift: 0, Narrow klass range: 0x0

GC Precious Log:
<Empty>

Heap:
 garbage-first heap   total 0K, used 0K [0x0000000081e00000, 0x0000000100000000)
  region size 1024K, 0 young (0K), 0 survivors (0K)

[error occurred during error reporting (printing heap information), id 0xc0000005, EXCEPTION_ACCESS_VIOLATION (0xc0000005) at pc=0x00007ff8d9808c59]

GC Heap History (0 events):
No events

Deoptimization events (0 events):
No events

Classes unloaded (0 events):
No events

Classes redefined (0 events):
No events

Internal exceptions (0 events):
No events

VM Operations (0 events):
No events

Events (1 events):
Event: 0.007 Loaded shared library C:\Program Files\Java\jdk-17\bin\java.dll


Dynamic libraries:
0x00007ff7663e0000 - 0x00007ff7663f0000 	C:\Program Files\Java\jdk-17\bin\javaw.exe
0x00007ff916c50000 - 0x00007ff916e45000 	C:\WINDOWS\SYSTEM32\ntdll.dll
0x00007ff916720000 - 0x00007ff9167de000 	C:\WINDOWS\System32\KERNEL32.DLL
0x00007ff9146d0000 - 0x00007ff914999000 	C:\WINDOWS\System32\KERNELBASE.dll
0x00007ff914530000 - 0x00007ff914630000 	C:\WINDOWS\System32\ucrtbase.dll
0x00007ff90fef0000 - 0x00007ff90ff0a000 	C:\Program Files\Java\jdk-17\bin\VCRUNTIME140.dll
0x00007ff8fb050000 - 0x00007ff8fb068000 	C:\Program Files\Java\jdk-17\bin\jli.dll
0x00007ff916b60000 - 0x00007ff916c0c000 	C:\WINDOWS\System32\ADVAPI32.dll
0x00007ff914ca0000 - 0x00007ff914d3e000 	C:\WINDOWS\System32\msvcrt.dll
0x00007ff916ab0000 - 0x00007ff916b4b000 	C:\WINDOWS\System32\sechost.dll
0x00007ff915cf0000 - 0x00007ff915e1a000 	C:\WINDOWS\System32\RPCRT4.dll
0x00007ff9168f0000 - 0x00007ff916a91000 	C:\WINDOWS\System32\USER32.dll
0x00007ff907fc0000 - 0x00007ff90825a000 	C:\WINDOWS\WinSxS\amd64_microsoft.windows.common-controls_6595b64144ccf1df_6.0.19041.1110_none_60b5254171f9507e\COMCTL32.dll
0x00007ff9149a0000 - 0x00007ff9149c2000 	C:\WINDOWS\System32\win32u.dll
0x00007ff9164d0000 - 0x00007ff9164fb000 	C:\WINDOWS\System32\GDI32.dll
0x00007ff9143c0000 - 0x00007ff9144cb000 	C:\WINDOWS\System32\gdi32full.dll
0x00007ff914630000 - 0x00007ff9146cd000 	C:\WINDOWS\System32\msvcp_win.dll
0x00007ff90de80000 - 0x00007ff90de8a000 	C:\WINDOWS\SYSTEM32\VERSION.dll
0x00007ff915b90000 - 0x00007ff915bc0000 	C:\WINDOWS\System32\IMM32.DLL
0x00007ff90fee0000 - 0x00007ff90feec000 	C:\Program Files\Java\jdk-17\bin\vcruntime140_1.dll
0x00007ff8fa3a0000 - 0x00007ff8fa42d000 	C:\Program Files\Java\jdk-17\bin\msvcp140.dll
0x00007ff8d9140000 - 0x00007ff8d9cfe000 	C:\Program Files\Java\jdk-17\bin\server\jvm.dll
0x00007ff9166b0000 - 0x00007ff9166b8000 	C:\WINDOWS\System32\PSAPI.DLL
0x00007ff908410000 - 0x00007ff908437000 	C:\WINDOWS\SYSTEM32\WINMM.dll
0x00007ff8fb2d0000 - 0x00007ff8fb2d9000 	C:\WINDOWS\SYSTEM32\WSOCK32.dll
0x00007ff916500000 - 0x00007ff91656b000 	C:\WINDOWS\System32\WS2_32.dll
0x00007ff912270000 - 0x00007ff912282000 	C:\WINDOWS\SYSTEM32\kernel.appcore.dll
0x00007ff90fe90000 - 0x00007ff90fe9a000 	C:\Program Files\Java\jdk-17\bin\jimage.dll
0x00007ff904d40000 - 0x00007ff904f24000 	C:\WINDOWS\SYSTEM32\DBGHELP.DLL
0x00007ff904c90000 - 0x00007ff904cbc000 	C:\WINDOWS\SYSTEM32\dbgcore.DLL
0x00007ff914c10000 - 0x00007ff914c93000 	C:\WINDOWS\System32\bcryptPrimitives.dll
0x00007ff8fa570000 - 0x00007ff8fa595000 	C:\Program Files\Java\jdk-17\bin\java.dll

dbghelp: loaded successfully - version: 4.0.5 - missing functions: none
symbol engine: initialized successfully - sym options: 0x614 - pdb path: .;C:\Program Files\Java\jdk-17\bin;C:\WINDOWS\SYSTEM32;C:\WINDOWS\WinSxS\amd64_microsoft.windows.common-controls_6595b64144ccf1df_6.0.19041.1110_none_60b5254171f9507e;C:\Program Files\Java\jdk-17\bin\server

VM Arguments:
jvm_args: -Dfile.encoding=Cp1252 -XX:+ShowCodeDetailsInExceptionMessages 
java_command: chess.Chess
java_class_path (initial): C:\Users\Justin\eclipse-workspace\Chess\bin
Launcher Type: SUN_STANDARD

[Global flags]
     intx CICompilerCount                          = 4                                         {product} {ergonomic}
     uint ConcGCThreads                            = 2                                         {product} {ergonomic}
     uint G1ConcRefinementThreads                  = 8                                         {product} {ergonomic}
   size_t G1HeapRegionSize                         = 1048576                                   {product} {ergonomic}
    uintx GCDrainStackTargetSize                   = 64                                        {product} {ergonomic}
   size_t InitialHeapSize                          = 134217728                                 {product} {ergonomic}
   size_t MarkStackSize                            = 4194304                                   {product} {ergonomic}
   size_t MaxHeapSize                              = 2116026368                                {product} {ergonomic}
   size_t MinHeapDeltaBytes                        = 1048576                                   {product} {ergonomic}
   size_t MinHeapSize                              = 8388608                                   {product} {ergonomic}
    uintx NonNMethodCodeHeapSize                   = 5839372                                {pd product} {ergonomic}
    uintx NonProfiledCodeHeapSize                  = 122909434                              {pd product} {ergonomic}
    uintx ProfiledCodeHeapSize                     = 122909434                              {pd product} {ergonomic}
    uintx ReservedCodeCacheSize                    = 251658240                              {pd product} {ergonomic}
     bool SegmentedCodeCache                       = true                                      {product} {ergonomic}
     bool ShowCodeDetailsInExceptionMessages       = true                                   {manageable} {command line}
   size_t SoftMaxHeapSize                          = 2116026368                             {manageable} {ergonomic}
     bool UseCompressedClassPointers               = true                           {product lp64_product} {ergonomic}
     bool UseCompressedOops                        = true                           {product lp64_product} {ergonomic}
     bool UseG1GC                                  = true                                      {product} {ergonomic}
     bool UseLargePagesIndividualAllocation        = false                                  {pd product} {ergonomic}

Logging:
Log output configuration:
 #0: stdout all=warning uptime,level,tags
 #1: stderr all=off uptime,level,tags

Environment Variables:
JAVA_HOME=C:\Users\Justin\Downloads\jdk-16.0.2\bin
PATH=C:\Program Files\Common Files\Oracle\Java\javapath;C:\VulkanSDK\1.1.85.0\Bin;C:\Program Files (x86)\Intel\iCLS Client\;C:\Program Files\Intel\iCLS Client\;C:\Windows\system32;C:\Windows;C:\Windows\System32\Wbem;C:\Windows\System32\WindowsPowerShell\v1.0\;C:\Program Files (x86)\Intel\Intel(R) Management Engine Components\DAL;C:\Program Files\Intel\Intel(R) Management Engine Components\DAL;C:\Program Files (x86)\Intel\Intel(R) Management Engine Components\IPT;C:\Program Files\Intel\Intel(R) Management Engine Components\IPT;C:\WINDOWS\system32;C:\WINDOWS;C:\WINDOWS\System32\Wbem;C:\WINDOWS\System32\WindowsPowerShell\v1.0\;C:\WINDOWS\System32\OpenSSH\;C:\Program Files (x86)\NVIDIA Corporation\PhysX\Common;C:\Program Files\NVIDIA Corporation\NVIDIA NvDLISR;C:\WINDOWS\system32;C:\WINDOWS;C:\WINDOWS\System32\Wbem;C:\WINDOWS\System32\WindowsPowerShell\v1.0\;C:\WINDOWS\System32\OpenSSH\;C:\Program Files (x86)\dotnet\;C:\Program Files\PuTTY\;C:\Program Files\Git\cmd;C:\Users\Justin\AppData\Local\Microsoft\WindowsApps;C:\Program Files\Java\jdk1.8.0_181\bin;C:\Users\Justin\AppData\Local\Microsoft\WindowsApps;
USERNAME=Justin
OS=Windows_NT
PROCESSOR_IDENTIFIER=Intel64 Family 6 Model 142 Stepping 10, GenuineIntel



---------------  S Y S T E M  ---------------

OS:
 Windows 10 , 64 bit Build 19041 (10.0.19041.1202)
OS uptime: 3 days 16:36 hours

CPU: total 8 (initial active 8) (4 cores per cpu, 2 threads per core) family 6 model 142 stepping 10 microcode 0xb4, cx8, cmov, fxsr, ht, mmx, 3dnowpref, sse, sse2, sse3, ssse3, sse4.1, sse4.2, popcnt, lzcnt, tsc, tscinvbit, avx, avx2, aes, erms, clmul, bmi1, bmi2, adx, fma, vzeroupper, clflush, clflushopt

Memory: 4k page, system-wide physical 8067M (1861M free)
TotalPageFile size 23756M (AvailPageFile size 5M)
current process WorkingSet (physical memory assigned to process): 10M, peak: 10M
current process commit charge ("private bytes"): 52M, peak: 53M

vm_info: Java HotSpot(TM) 64-Bit Server VM (17+35-LTS-2724) for windows-amd64 JRE (17+35-LTS-2724), built on Aug  5 2021 23:28:28 by "mach5one" with MS VC++ 16.8 (VS2019)

END.
